<?xml version="1.0" encoding="UTF-8"?>
<!-- Generated by org.testng.reporters.JUnitReportReporter -->
<testsuite hostname="LAPTOP-VTB0S2NG" failures="0" tests="3" name="testNG.ParallelExecution" time="29.342" errors="0" timestamp="23 Feb 2022 19:28:03 GMT" skipped="0">
  <testcase classname="testNG.ParallelExecution" name="testOne" time="8.778"/>
  <testcase classname="testNG.ParallelExecution" name="testTwo" time="9.843"/>
  <testcase classname="testNG.ParallelExecution" name="testthree" time="10.721"/>
</testsuite> <!-- testNG.ParallelExecution -->
